TN:
SF:/home/redmonster/Desktop/прога/2_sem/second_year/2.3laba/1task/src/mainHeader.cpp
FNL:0,107,130
FNA:0,319,_ZN6CBTree6insertEi
FNL:1,133,164
FNA:1,22,_ZN6CBTree6is_CBTEv
FNL:2,15,17
FNA:2,198,_ZN5ArrayD2Ev
FNL:3,167,175
FNA:3,99,_ZN6CBTree10find_valueEP9tree_nodei
FNL:4,177,183
FNA:4,22,_ZN6CBTree9get_valueEi
FNL:5,186,216
FNA:5,22,_ZN6CBTree10find_indexEi
FNL:6,19,30
FNA:6,55,_ZN5Array3addEiNSt7__cxx1112basic_stringIcSt11char_traitsIcESaIcEEE
FNL:7,219,228
FNA:7,297,_ZN6CBTree9print_CBTEP9tree_nodei
FNL:8,231,237
FNA:8,44,_ZN6CBTree7displayEv
FNL:9,240,247
FNA:9,121,_ZN6CBTree5clearERP9tree_node
FNL:10,250,263
FNA:10,22,_ZN6CBTree14load_from_fileERKNSt7__cxx1112basic_stringIcSt11char_traitsIcESaIcEEE
FNL:11,266,286
FNA:11,22,_ZN6CBTree12save_to_fileERKNSt7__cxx1112basic_stringIcSt11char_traitsIcESaIcEEE
FNL:12,288,297
FNA:12,33,_ZN16DoublyLinkedList9addToHeadENSt7__cxx1112basic_stringIcSt11char_traitsIcESaIcEEE
FNL:13,299,308
FNA:13,264,_ZN16DoublyLinkedList9addToTailENSt7__cxx1112basic_stringIcSt11char_traitsIcESaIcEEE
FNL:14,310,322
FNA:14,11,_ZN16DoublyLinkedList14removeFromHeadEv
FNL:15,32,39
FNA:15,209,_ZN5Array11addToTheEndENSt7__cxx1112basic_stringIcSt11char_traitsIcESaIcEEE
FNL:16,324,336
FNA:16,11,_ZN16DoublyLinkedList14removeFromTailEv
FNL:17,338,355
FNA:17,11,_ZN16DoublyLinkedList13removeByValueENSt7__cxx1112basic_stringIcSt11char_traitsIcESaIcEEE
FNL:18,357,366
FNA:18,22,_ZN16DoublyLinkedList6searchENSt7__cxx1112basic_stringIcSt11char_traitsIcESaIcEEE
FNL:19,368,375
FNA:19,77,_ZN16DoublyLinkedList5printEv
FNL:20,377,389
FNA:20,11,_ZN16DoublyLinkedList10saveToFileERKNSt7__cxx1112basic_stringIcSt11char_traitsIcESaIcEEE
FNL:21,391,402
FNA:21,11,_ZN16DoublyLinkedList12loadFromFileERKNSt7__cxx1112basic_stringIcSt11char_traitsIcESaIcEEE
FNL:22,403,409
FNA:22,88,_ZN9HashTableC2Ei
FNL:23,41,51
FNA:23,33,_ZN5Array6removeEi
FNL:24,412,415
FNA:24,88,_ZN9HashTableD2Ev
FNL:25,418,436
FNA:25,187,_ZN9HashTable4hsetERKNSt7__cxx1112basic_stringIcSt11char_traitsIcESaIcEEES7_
FNL:26,440,451
FNA:26,110,_ZNK9HashTable4hgetERKNSt7__cxx1112basic_stringIcSt11char_traitsIcESaIcEEE
FNL:27,454,476
FNA:27,11,_ZN9HashTable4hdelERKNSt7__cxx1112basic_stringIcSt11char_traitsIcESaIcEEE
FNL:28,479,489
FNA:28,110,_ZN9HashTable5clearEv
FNL:29,492,498
FNA:29,308,_ZNK9HashTable12hashFunctionERKNSt7__cxx1112basic_stringIcSt11char_traitsIcESaIcEEE
FNL:30,501,513
FNA:30,22,_ZNK9HashTable6hprintEv
FNL:31,516,533
FNA:31,11,_ZN9HashTable12loadFromFileERKNSt7__cxx1112basic_stringIcSt11char_traitsIcESaIcEEE
FNL:32,53,59
FNA:32,11,_ZN5Array7replaceEiNSt7__cxx1112basic_stringIcSt11char_traitsIcESaIcEEE
FNL:33,536,550
FNA:33,11,_ZN9HashTable10saveToFileERKNSt7__cxx1112basic_stringIcSt11char_traitsIcESaIcEEE
FNL:34,552,561
FNA:34,165,_ZN5Queue4pushENSt7__cxx1112basic_stringIcSt11char_traitsIcESaIcEEE
FNL:35,563,575
FNA:35,22,_ZN5Queue3popEv
FNL:36,577,584
FNA:36,44,_ZN5Queue5printEv
FNL:37,585,597
FNA:37,11,_ZN5Queue10saveToFileERKNSt7__cxx1112basic_stringIcSt11char_traitsIcESaIcEEE
FNL:38,599,610
FNA:38,11,_ZN5Queue12loadFromFileERKNSt7__cxx1112basic_stringIcSt11char_traitsIcESaIcEEE
FNL:39,61,66
FNA:39,11,_ZN5Array5printEv
FNL:40,612,617
FNA:40,33,_ZN16SinglyLinkedList9addToHeadENSt7__cxx1112basic_stringIcSt11char_traitsIcESaIcEEE
FNL:41,619,631
FNA:41,264,_ZN16SinglyLinkedList9addToTailENSt7__cxx1112basic_stringIcSt11char_traitsIcESaIcEEE
FNL:42,633,641
FNA:42,11,_ZN16SinglyLinkedList10removeHeadEv
FNL:43,643,659
FNA:43,11,_ZN16SinglyLinkedList10removeTailEv
FNL:44,661,680
FNA:44,11,_ZN16SinglyLinkedList13removeByValueENSt7__cxx1112basic_stringIcSt11char_traitsIcESaIcEEE
FNL:45,68,70
FNA:45,11,_ZN5Array6lengthEv
FNL:46,682,691
FNA:46,22,_ZN16SinglyLinkedList6searchENSt7__cxx1112basic_stringIcSt11char_traitsIcESaIcEEE
FNL:47,693,700
FNA:47,77,_ZN16SinglyLinkedList5printEv
FNL:48,702,714
FNA:48,11,_ZN16SinglyLinkedList10saveToFileERKNSt7__cxx1112basic_stringIcSt11char_traitsIcESaIcEEE
FNL:49,717,728
FNA:49,11,_ZN16SinglyLinkedList12loadFromFileERKNSt7__cxx1112basic_stringIcSt11char_traitsIcESaIcEEE
FNL:50,72,82
FNA:50,22,_ZN5Array10saveToFileERKNSt7__cxx1112basic_stringIcSt11char_traitsIcESaIcEEE
FNL:51,730,735
FNA:51,165,_ZN5Stack4pushENSt7__cxx1112basic_stringIcSt11char_traitsIcESaIcEEE
FNL:52,737,746
FNA:52,22,_ZN5Stack3popEv
FNL:53,748,755
FNA:53,44,_ZN5Stack5printEv
FNL:54,756,768
FNA:54,11,_ZN5Stack10saveToFileERKNSt7__cxx1112basic_stringIcSt11char_traitsIcESaIcEEE
FNL:55,770,781
FNA:55,11,_ZN5Stack12loadFromFileERKNSt7__cxx1112basic_stringIcSt11char_traitsIcESaIcEEE
FNL:56,84,97
FNA:56,22,_ZN5Array12loadFromFileERKNSt7__cxx1112basic_stringIcSt11char_traitsIcESaIcEEE
FNL:57,9,13
FNA:57,198,_ZN5ArrayC2Ei
FNL:58,99,105
FNA:58,99,_ZN5Array3getB5cxx11Ei
FNF:59
FNH:59
DA:9,198
DA:10,198
DA:11,198
DA:12,1661
DA:13,198
DA:15,198
DA:16,1661
DA:17,198
DA:19,55
DA:20,55
DA:21,11
DA:22,11
DA:25,44
DA:26,0
DA:28,44
DA:29,44
DA:32,209
DA:33,209
DA:34,11
DA:35,11
DA:37,198
DA:38,198
DA:41,33
DA:42,33
DA:43,11
DA:44,11
DA:47,33
DA:48,11
DA:50,22
DA:53,11
DA:54,11
DA:55,0
DA:56,0
DA:58,11
DA:61,11
DA:62,33
DA:63,22
DA:65,11
DA:66,11
DA:68,11
DA:69,11
DA:72,22
DA:73,22
DA:74,22
DA:75,11
DA:76,11
DA:78,33
DA:79,22
DA:81,11
DA:82,22
DA:84,22
DA:85,22
DA:86,22
DA:87,11
DA:88,11
DA:90,11
DA:91,11
DA:92,33
DA:93,22
DA:94,22
DA:96,11
DA:97,22
DA:99,99
DA:100,99
DA:101,11
DA:102,22
DA:104,88
DA:107,319
DA:108,319
DA:109,319
DA:110,88
DA:111,319
DA:113,231
DA:114,231
DA:115,286
DA:116,286
DA:117,286
DA:118,121
DA:119,121
DA:121,165
DA:123,165
DA:124,110
DA:125,110
DA:127,55
DA:133,22
DA:134,22
DA:135,11
DA:136,11
DA:139,11
DA:140,11
DA:141,11
DA:142,66
DA:143,55
DA:145,55
DA:146,22
DA:147,0
DA:149,22
DA:151,33
DA:154,55
DA:155,22
DA:156,0
DA:158,22
DA:160,33
DA:163,11
DA:167,99
DA:168,99
DA:169,44
DA:171,55
DA:172,11
DA:174,44
DA:177,22
DA:178,22
DA:179,0
DA:180,0
DA:182,22
DA:186,22
DA:187,22
DA:188,0
DA:189,11
DA:192,22
DA:193,0
DA:194,0
DA:197,22
DA:198,22
DA:199,22
DA:201,66
DA:202,55
DA:203,55
DA:204,11
DA:205,11
DA:207,44
DA:208,44
DA:209,22
DA:211,44
DA:212,22
DA:215,11
DA:219,297
DA:220,297
DA:221,132
DA:222,264
DA:223,132
DA:225,132
DA:226,132
DA:228,297
DA:231,44
DA:232,44
DA:233,11
DA:234,11
DA:236,33
DA:240,121
DA:241,121
DA:242,44
DA:243,44
DA:244,44
DA:245,44
DA:247,121
DA:250,22
DA:251,22
DA:252,22
DA:253,22
DA:254,11
DA:255,11
DA:259,66
DA:260,55
DA:262,11
DA:263,22
DA:266,22
DA:267,22
DA:268,22
DA:269,11
DA:270,11
DA:273,11
DA:274,11
DA:275,44
DA:276,33
DA:277,33
DA:278,33
DA:279,11
DA:281,33
DA:282,11
DA:285,11
DA:286,22
DA:288,33
DA:289,33
DA:290,33
DA:291,11
DA:293,22
DA:294,22
DA:295,22
DA:297,33
DA:299,264
DA:300,264
DA:301,264
DA:302,88
DA:304,176
DA:305,176
DA:306,176
DA:308,264
DA:310,11
DA:311,11
DA:312,0
DA:314,11
DA:315,11
DA:316,11
DA:317,11
DA:319,0
DA:321,11
DA:324,11
DA:325,11
DA:326,0
DA:328,11
DA:329,11
DA:330,11
DA:331,11
DA:333,0
DA:335,11
DA:338,11
DA:339,11
DA:340,22
DA:341,22
DA:342,11
DA:343,0
DA:344,11
DA:345,0
DA:347,11
DA:348,11
DA:349,11
DA:351,11
DA:353,11
DA:357,22
DA:358,22
DA:359,66
DA:360,55
DA:361,11
DA:363,44
DA:365,11
DA:368,77
DA:369,77
DA:370,275
DA:371,198
DA:372,198
DA:374,77
DA:375,77
DA:377,11
DA:378,11
DA:379,11
DA:380,0
DA:381,0
DA:383,11
DA:384,44
DA:385,33
DA:386,33
DA:388,11
DA:389,11
DA:391,11
DA:392,11
DA:393,11
DA:394,11
DA:395,44
DA:396,33
DA:398,11
DA:399,11
DA:400,0
DA:402,11
DA:403,88
DA:404,88
DA:405,88
DA:406,968
DA:407,880
DA:409,88
DA:412,88
DA:413,88
DA:414,88
DA:415,88
DA:418,187
DA:419,187
DA:420,187
DA:423,187
DA:425,11
DA:426,11
DA:427,11
DA:429,0
DA:433,176
DA:434,176
DA:435,176
DA:440,110
DA:441,110
DA:442,110
DA:443,110
DA:444,66
DA:445,66
DA:446,66
DA:448,0
DA:450,44
DA:454,11
DA:455,11
DA:456,11
DA:457,11
DA:459,11
DA:460,0
DA:461,0
DA:464,11
DA:465,0
DA:466,0
DA:469,11
DA:470,11
DA:472,0
DA:475,11
DA:479,110
DA:480,1210
DA:481,1100
DA:482,1265
DA:483,165
DA:484,165
DA:485,165
DA:487,1100
DA:489,110
DA:492,308
DA:493,308
DA:494,1540
DA:495,1232
DA:497,308
DA:501,22
DA:502,242
DA:503,220
DA:504,220
DA:505,55
DA:506,110
DA:507,55
DA:508,55
DA:510,55
DA:513,22
DA:516,11
DA:517,11
DA:518,11
DA:519,11
DA:521,11
DA:522,33
DA:523,22
DA:524,22
DA:525,22
DA:526,22
DA:527,22
DA:529,11
DA:530,11
DA:531,0
DA:533,11
DA:536,11
DA:537,11
DA:538,11
DA:539,121
DA:540,110
DA:541,132
DA:542,22
DA:543,22
DA:546,11
DA:548,0
DA:550,11
DA:552,165
DA:553,165
DA:554,165
DA:555,55
DA:557,110
DA:558,110
DA:560,165
DA:561,165
DA:563,22
DA:564,22
DA:565,11
DA:566,11
DA:568,11
DA:569,11
DA:570,11
DA:571,0
DA:573,11
DA:574,11
DA:577,44
DA:578,44
DA:579,165
DA:580,121
DA:581,121
DA:583,44
DA:584,44
DA:585,11
DA:586,11
DA:587,11
DA:588,0
DA:589,0
DA:591,11
DA:592,44
DA:593,33
DA:594,33
DA:596,11
DA:597,11
DA:599,11
DA:600,11
DA:601,11
DA:602,0
DA:603,0
DA:605,11
DA:606,44
DA:607,33
DA:609,11
DA:610,11
DA:612,33
DA:613,33
DA:614,33
DA:615,33
DA:616,33
DA:617,33
DA:619,264
DA:620,264
DA:621,264
DA:622,88
DA:624,176
DA:625,264
DA:626,88
DA:628,176
DA:630,264
DA:631,264
DA:633,11
DA:634,11
DA:635,0
DA:637,11
DA:638,11
DA:639,11
DA:640,11
DA:643,11
DA:644,11
DA:645,0
DA:647,11
DA:648,0
DA:649,0
DA:651,11
DA:652,22
DA:653,11
DA:655,11
DA:656,11
DA:658,11
DA:661,11
DA:662,11
DA:663,0
DA:665,11
DA:666,0
DA:667,0
DA:669,11
DA:670,11
DA:671,11
DA:672,11
DA:673,11
DA:674,11
DA:675,11
DA:676,11
DA:678,0
DA:682,22
DA:683,22
DA:684,66
DA:685,55
DA:686,11
DA:688,44
DA:690,11
DA:693,77
DA:694,77
DA:695,275
DA:696,198
DA:697,198
DA:699,77
DA:700,77
DA:702,11
DA:703,11
DA:704,11
DA:705,11
DA:706,44
DA:707,33
DA:708,33
DA:710,11
DA:712,0
DA:714,11
DA:717,11
DA:718,11
DA:719,11
DA:720,11
DA:721,44
DA:722,33
DA:724,11
DA:725,11
DA:726,0
DA:728,11
DA:730,165
DA:731,165
DA:732,165
DA:733,165
DA:734,165
DA:735,165
DA:737,22
DA:738,22
DA:739,11
DA:740,11
DA:742,11
DA:743,11
DA:744,11
DA:745,11
DA:748,44
DA:749,44
DA:750,165
DA:751,121
DA:752,121
DA:754,44
DA:755,44
DA:756,11
DA:757,11
DA:758,11
DA:759,0
DA:760,0
DA:762,11
DA:763,44
DA:764,33
DA:765,33
DA:767,11
DA:768,11
DA:770,11
DA:771,11
DA:772,11
DA:773,0
DA:774,0
DA:776,11
DA:777,44
DA:778,33
DA:780,11
DA:781,11
LF:530
LH:483
end_of_record
TN:
SF:/home/redmonster/Desktop/прога/2_sem/second_year/2.3laba/1task/src/mainHeader.hpp
FNL:0,100,101
FNA:0,176,_ZN8HashNodeC2ERKNSt7__cxx1112basic_stringIcSt11char_traitsIcESaIcEEES7_PS_
FNL:1,127,127
FNA:1,18,_ZN6CBTreeC2Ev
FNL:2,32,32
FNA:2,18,_ZN16SinglyLinkedListC2Ev
FNL:3,51,51
FNA:3,18,_ZN16DoublyLinkedListC2Ev
FNL:4,70,70
FNA:4,12,_ZN5StackC2Ev
FNL:5,85,85
FNA:5,12,_ZN5QueueC2Ev
FNF:6
FNH:6
DA:32,18
DA:51,18
DA:70,12
DA:85,12
DA:100,176
DA:101,176
DA:127,18
LF:7
LH:7
end_of_record
TN:
SF:/home/redmonster/Desktop/прога/2_sem/second_year/2.3laba/1task/src/node.hpp
FNL:0,11,13
FNA:0,627,_ZN4NodeC2ERKNSt7__cxx1112basic_stringIcSt11char_traitsIcESaIcEEEPS_
FNL:1,22,24
FNA:1,297,_ZN10DoublyNodeC2ERKNSt7__cxx1112basic_stringIcSt11char_traitsIcESaIcEEEPS_S8_
FNL:2,33,33
FNA:2,319,_ZN9tree_nodeC2Ei
FNL:3,48,48
FNA:3,275,_ZN10queue_treeC2Ev
FNL:4,50,52
FNA:4,891,_ZN10queue_tree8is_emptyEv
FNL:5,54,67
FNA:5,605,_ZN10queue_tree7enqueueEP9tree_node
FNL:6,69,86
FNA:6,429,_ZN10queue_tree7dequeueEv
FNF:7
FNH:7
DA:11,627
DA:12,627
DA:13,627
DA:22,297
DA:23,297
DA:24,297
DA:33,319
DA:48,275
DA:50,891
DA:51,891
DA:54,605
DA:55,605
DA:56,605
DA:57,605
DA:59,605
DA:60,462
DA:62,143
DA:63,143
DA:66,605
DA:67,605
DA:69,429
DA:71,429
DA:72,0
DA:75,429
DA:76,429
DA:77,429
DA:79,429
DA:80,308
DA:83,429
DA:84,429
DA:85,429
LF:31
LH:30
end_of_record
TN:
SF:/home/redmonster/Desktop/прога/2_sem/second_year/2.3laba/1task/tests/test.cpp
FNL:0,10,27
FNA:0,2,_ZN19StackTest_Push_Test8TestBodyEv
FNA:0,2,_ZN19StackTest_Push_TestC2Ev
FNA:0,2,_ZN19StackTest_Push_TestD0Ev
FNA:0,2,_ZN19StackTest_Push_TestD2Ev
FNL:1,114,131
FNA:1,2,_ZN20StackTest_Print_Test8TestBodyEv
FNA:1,2,_ZN20StackTest_Print_TestC2Ev
FNA:1,2,_ZN20StackTest_Print_TestD0Ev
FNA:1,2,_ZN20StackTest_Print_TestD2Ev
FNL:2,136,139
FNA:2,2,main
FNL:3,30,48
FNA:3,2,_ZN18StackTest_Pop_Test8TestBodyEv
FNA:3,2,_ZN18StackTest_Pop_TestC2Ev
FNA:3,2,_ZN18StackTest_Pop_TestD0Ev
FNA:3,2,_ZN18StackTest_Pop_TestD2Ev
FNL:4,51,64
FNA:4,2,_ZN28StackTest_PopEmptyStack_Test8TestBodyEv
FNA:4,2,_ZN28StackTest_PopEmptyStack_TestC2Ev
FNA:4,2,_ZN28StackTest_PopEmptyStack_TestD0Ev
FNA:4,2,_ZN28StackTest_PopEmptyStack_TestD2Ev
FNL:5,67,85
FNA:5,2,_ZN25StackTest_SaveToFile_Test8TestBodyEv
FNA:5,2,_ZN25StackTest_SaveToFile_TestC2Ev
FNA:5,2,_ZN25StackTest_SaveToFile_TestD0Ev
FNA:5,2,_ZN25StackTest_SaveToFile_TestD2Ev
FNL:6,88,111
FNA:6,2,_ZN27StackTest_LoadFromFile_Test8TestBodyEv
FNA:6,2,_ZN27StackTest_LoadFromFile_TestC2Ev
FNA:6,2,_ZN27StackTest_LoadFromFile_TestD0Ev
FNA:6,2,_ZN27StackTest_LoadFromFile_TestD2Ev
FNF:7
FNH:7
DA:10,8
DA:11,2
DA:12,4
DA:13,4
DA:14,2
DA:16,2
DA:17,2
DA:19,2
DA:21,2
DA:22,2
DA:23,2
DA:24,2
DA:26,2
DA:27,2
DA:30,8
DA:31,2
DA:32,4
DA:33,4
DA:34,2
DA:36,2
DA:38,2
DA:39,2
DA:41,2
DA:43,2
DA:44,2
DA:45,2
DA:47,2
DA:48,2
DA:51,8
DA:52,2
DA:55,2
DA:56,2
DA:58,2
DA:60,2
DA:61,2
DA:63,2
DA:64,2
DA:67,8
DA:68,2
DA:69,4
DA:70,4
DA:71,4
DA:73,2
DA:74,2
DA:77,2
DA:78,2
DA:79,2
DA:80,2
DA:81,2
DA:83,2
DA:84,2
DA:85,2
DA:88,8
DA:89,2
DA:90,2
DA:93,2
DA:94,2
DA:95,2
DA:97,2
DA:99,2
DA:100,2
DA:102,2
DA:104,2
DA:105,2
DA:106,2
DA:107,2
DA:109,2
DA:110,2
DA:111,2
DA:114,8
DA:115,2
DA:116,4
DA:117,4
DA:118,2
DA:120,2
DA:121,2
DA:123,2
DA:125,2
DA:126,2
DA:127,2
DA:128,2
DA:130,2
DA:131,2
DA:136,2
DA:137,2
DA:138,2
LF:86
LH:86
end_of_record
TN:
SF:/home/redmonster/Desktop/прога/2_sem/second_year/2.3laba/1task/tests/test_CBT.cpp
FNL:0,109,128
FNA:0,2,_ZN26CBTreeTest_SaveToFile_Test8TestBodyEv
FNA:0,2,_ZN26CBTreeTest_SaveToFile_TestC2Ev
FNA:0,2,_ZN26CBTreeTest_SaveToFile_TestD0Ev
FNA:0,2,_ZN26CBTreeTest_SaveToFile_TestD2Ev
FNL:1,129,141
FNA:1,2,_ZN33CBTreeTest_LoadFromFileError_Test8TestBodyEv
FNA:1,2,_ZN33CBTreeTest_LoadFromFileError_TestC2Ev
FNA:1,2,_ZN33CBTreeTest_LoadFromFileError_TestD0Ev
FNA:1,2,_ZN33CBTreeTest_LoadFromFileError_TestD2Ev
FNL:2,144,161
FNA:2,2,_ZN31CBTreeTest_SaveToFileError_Test8TestBodyEv
FNA:2,2,_ZN31CBTreeTest_SaveToFileError_TestC2Ev
FNA:2,2,_ZN31CBTreeTest_SaveToFileError_TestD0Ev
FNA:2,2,_ZN31CBTreeTest_SaveToFileError_TestD2Ev
FNL:3,165,192
FNA:3,2,_ZN25CBTreeTest_ClearTree_Test8TestBodyEv
FNA:3,2,_ZN25CBTreeTest_ClearTree_TestC2Ev
FNA:3,2,_ZN25CBTreeTest_ClearTree_TestD0Ev
FNA:3,2,_ZN25CBTreeTest_ClearTree_TestD2Ev
FNL:4,30,44
FNA:4,2,_ZN24CBTreeTest_GetValue_Test8TestBodyEv
FNA:4,2,_ZN24CBTreeTest_GetValue_TestC2Ev
FNA:4,2,_ZN24CBTreeTest_GetValue_TestD0Ev
FNA:4,2,_ZN24CBTreeTest_GetValue_TestD2Ev
FNL:5,48,62
FNA:5,2,_ZN25CBTreeTest_FindIndex_Test8TestBodyEv
FNA:5,2,_ZN25CBTreeTest_FindIndex_TestC2Ev
FNA:5,2,_ZN25CBTreeTest_FindIndex_TestD0Ev
FNA:5,2,_ZN25CBTreeTest_FindIndex_TestD2Ev
FNL:6,65,82
FNA:6,2,_ZN23CBTreeTest_Display_Test8TestBodyEv
FNA:6,2,_ZN23CBTreeTest_Display_TestC2Ev
FNA:6,2,_ZN23CBTreeTest_Display_TestD0Ev
FNA:6,2,_ZN23CBTreeTest_Display_TestD2Ev
FNL:7,7,27
FNA:7,2,_ZN21CBTreeTest_IsCBT_Test8TestBodyEv
FNA:7,2,_ZN21CBTreeTest_IsCBT_TestC2Ev
FNA:7,2,_ZN21CBTreeTest_IsCBT_TestD0Ev
FNA:7,2,_ZN21CBTreeTest_IsCBT_TestD2Ev
FNL:8,84,106
FNA:8,2,_ZN28CBTreeTest_LoadFromFile_Test8TestBodyEv
FNA:8,2,_ZN28CBTreeTest_LoadFromFile_TestC2Ev
FNA:8,2,_ZN28CBTreeTest_LoadFromFile_TestD0Ev
FNA:8,2,_ZN28CBTreeTest_LoadFromFile_TestD2Ev
FNF:9
FNH:9
DA:7,8
DA:8,2
DA:10,2
DA:11,2
DA:14,2
DA:17,2
DA:18,2
DA:19,2
DA:20,2
DA:21,2
DA:24,2
DA:26,2
DA:27,2
DA:30,8
DA:31,2
DA:32,2
DA:33,2
DA:34,2
DA:36,2
DA:37,2
DA:40,2
DA:41,2
DA:43,2
DA:44,2
DA:48,8
DA:49,2
DA:50,2
DA:51,2
DA:52,2
DA:54,2
DA:55,2
DA:58,2
DA:59,2
DA:61,2
DA:62,2
DA:65,8
DA:66,2
DA:67,2
DA:68,2
DA:69,2
DA:71,2
DA:72,2
DA:74,2
DA:76,2
DA:77,2
DA:78,2
DA:79,2
DA:81,2
DA:82,2
DA:84,8
DA:85,2
DA:86,2
DA:89,2
DA:90,2
DA:91,2
DA:93,2
DA:95,2
DA:96,2
DA:97,2
DA:99,2
DA:100,2
DA:101,2
DA:102,2
DA:104,2
DA:105,2
DA:106,2
DA:109,8
DA:110,2
DA:111,2
DA:112,2
DA:113,2
DA:115,2
DA:117,2
DA:120,2
DA:121,2
DA:122,2
DA:123,2
DA:124,2
DA:126,2
DA:127,2
DA:128,2
DA:129,8
DA:130,2
DA:131,2
DA:133,2
DA:134,2
DA:136,2
DA:137,2
DA:138,2
DA:140,2
DA:141,2
DA:144,8
DA:145,2
DA:146,2
DA:147,2
DA:148,2
DA:150,2
DA:152,2
DA:153,2
DA:155,2
DA:157,2
DA:158,2
DA:160,2
DA:161,2
DA:165,8
DA:166,2
DA:167,2
DA:168,2
DA:169,2
DA:170,2
DA:173,2
DA:174,2
DA:175,2
DA:176,2
DA:177,2
DA:178,2
DA:179,2
DA:180,2
DA:183,2
DA:186,2
DA:187,2
DA:188,2
DA:189,2
DA:191,2
DA:192,2
LF:125
LH:125
end_of_record
TN:
SF:/home/redmonster/Desktop/прога/2_sem/second_year/2.3laba/1task/tests/test_DLL.cpp
FNL:0,111,123
FNA:0,2,_ZN32DoublyLinkedListTest_Search_Test8TestBodyEv
FNA:0,2,_ZN32DoublyLinkedListTest_Search_TestC2Ev
FNA:0,2,_ZN32DoublyLinkedListTest_Search_TestD0Ev
FNA:0,2,_ZN32DoublyLinkedListTest_Search_TestD2Ev
FNL:1,126,143
FNA:1,2,_ZN31DoublyLinkedListTest_Print_Test8TestBodyEv
FNA:1,2,_ZN31DoublyLinkedListTest_Print_TestC2Ev
FNA:1,2,_ZN31DoublyLinkedListTest_Print_TestD0Ev
FNA:1,2,_ZN31DoublyLinkedListTest_Print_TestD2Ev
FNL:2,145,165
FNA:2,2,_ZN36DoublyLinkedListTest_SaveToFile_Test8TestBodyEv
FNA:2,2,_ZN36DoublyLinkedListTest_SaveToFile_TestC2Ev
FNA:2,2,_ZN36DoublyLinkedListTest_SaveToFile_TestD0Ev
FNA:2,2,_ZN36DoublyLinkedListTest_SaveToFile_TestD2Ev
FNL:3,168,190
FNA:3,2,_ZN38DoublyLinkedListTest_LoadFromFile_Test8TestBodyEv
FNA:3,2,_ZN38DoublyLinkedListTest_LoadFromFile_TestC2Ev
FNA:3,2,_ZN38DoublyLinkedListTest_LoadFromFile_TestD0Ev
FNA:3,2,_ZN38DoublyLinkedListTest_LoadFromFile_TestD2Ev
FNL:4,28,45
FNA:4,2,_ZN35DoublyLinkedListTest_AddToTail_Test8TestBodyEv
FNA:4,2,_ZN35DoublyLinkedListTest_AddToTail_TestC2Ev
FNA:4,2,_ZN35DoublyLinkedListTest_AddToTail_TestD0Ev
FNA:4,2,_ZN35DoublyLinkedListTest_AddToTail_TestD2Ev
FNL:5,48,66
FNA:5,2,_ZN40DoublyLinkedListTest_RemoveFromHead_Test8TestBodyEv
FNA:5,2,_ZN40DoublyLinkedListTest_RemoveFromHead_TestC2Ev
FNA:5,2,_ZN40DoublyLinkedListTest_RemoveFromHead_TestD0Ev
FNA:5,2,_ZN40DoublyLinkedListTest_RemoveFromHead_TestD2Ev
FNL:6,69,87
FNA:6,2,_ZN40DoublyLinkedListTest_RemoveFromTail_Test8TestBodyEv
FNA:6,2,_ZN40DoublyLinkedListTest_RemoveFromTail_TestC2Ev
FNA:6,2,_ZN40DoublyLinkedListTest_RemoveFromTail_TestD0Ev
FNA:6,2,_ZN40DoublyLinkedListTest_RemoveFromTail_TestD2Ev
FNL:7,8,25
FNA:7,2,_ZN35DoublyLinkedListTest_AddToHead_Test8TestBodyEv
FNA:7,2,_ZN35DoublyLinkedListTest_AddToHead_TestC2Ev
FNA:7,2,_ZN35DoublyLinkedListTest_AddToHead_TestD0Ev
FNA:7,2,_ZN35DoublyLinkedListTest_AddToHead_TestD2Ev
FNL:8,90,108
FNA:8,2,_ZN39DoublyLinkedListTest_RemoveByValue_Test8TestBodyEv
FNA:8,2,_ZN39DoublyLinkedListTest_RemoveByValue_TestC2Ev
FNA:8,2,_ZN39DoublyLinkedListTest_RemoveByValue_TestD0Ev
FNA:8,2,_ZN39DoublyLinkedListTest_RemoveByValue_TestD2Ev
FNF:9
FNH:9
DA:8,8
DA:9,2
DA:10,4
DA:11,4
DA:12,2
DA:14,2
DA:15,2
DA:17,2
DA:19,2
DA:20,2
DA:21,2
DA:22,2
DA:24,2
DA:25,2
DA:28,8
DA:29,2
DA:30,4
DA:31,4
DA:32,2
DA:34,2
DA:35,2
DA:37,2
DA:39,2
DA:40,2
DA:41,2
DA:42,2
DA:44,2
DA:45,2
DA:48,8
DA:49,2
DA:50,4
DA:51,4
DA:52,2
DA:54,2
DA:56,2
DA:57,2
DA:59,2
DA:61,2
DA:62,2
DA:63,2
DA:65,2
DA:66,2
DA:69,8
DA:70,2
DA:71,4
DA:72,4
DA:73,2
DA:75,2
DA:77,2
DA:78,2
DA:80,2
DA:82,2
DA:83,2
DA:84,2
DA:86,2
DA:87,2
DA:90,8
DA:91,2
DA:92,4
DA:93,4
DA:94,4
DA:96,2
DA:98,2
DA:99,2
DA:101,2
DA:103,2
DA:104,2
DA:105,2
DA:107,2
DA:108,2
DA:111,8
DA:112,2
DA:113,4
DA:114,4
DA:115,4
DA:117,2
DA:118,2
DA:119,2
DA:121,2
DA:122,2
DA:123,2
DA:126,8
DA:127,2
DA:128,4
DA:129,4
DA:130,2
DA:132,2
DA:133,2
DA:135,2
DA:137,2
DA:138,2
DA:139,2
DA:140,2
DA:142,2
DA:143,2
DA:145,8
DA:146,2
DA:147,4
DA:148,4
DA:149,4
DA:151,2
DA:152,2
DA:155,2
DA:156,2
DA:158,4
DA:159,2
DA:160,2
DA:161,2
DA:164,2
DA:165,2
DA:168,8
DA:169,2
DA:170,2
DA:173,2
DA:174,2
DA:175,2
DA:177,2
DA:179,2
DA:180,2
DA:181,2
DA:183,2
DA:184,2
DA:185,2
DA:186,2
DA:188,2
DA:189,2
DA:190,2
LF:127
LH:127
end_of_record
TN:
SF:/home/redmonster/Desktop/прога/2_sem/second_year/2.3laba/1task/tests/test_SLL.cpp
FNL:0,112,124
FNA:0,2,_ZN32SinglyLinkedListTest_Search_Test8TestBodyEv
FNA:0,2,_ZN32SinglyLinkedListTest_Search_TestC2Ev
FNA:0,2,_ZN32SinglyLinkedListTest_Search_TestD0Ev
FNA:0,2,_ZN32SinglyLinkedListTest_Search_TestD2Ev
FNL:1,127,144
FNA:1,2,_ZN31SinglyLinkedListTest_Print_Test8TestBodyEv
FNA:1,2,_ZN31SinglyLinkedListTest_Print_TestC2Ev
FNA:1,2,_ZN31SinglyLinkedListTest_Print_TestD0Ev
FNA:1,2,_ZN31SinglyLinkedListTest_Print_TestD2Ev
FNL:2,147,165
FNA:2,2,_ZN36SinglyLinkedListTest_SaveToFile_Test8TestBodyEv
FNA:2,2,_ZN36SinglyLinkedListTest_SaveToFile_TestC2Ev
FNA:2,2,_ZN36SinglyLinkedListTest_SaveToFile_TestD0Ev
FNA:2,2,_ZN36SinglyLinkedListTest_SaveToFile_TestD2Ev
FNL:3,168,191
FNA:3,2,_ZN38SinglyLinkedListTest_LoadFromFile_Test8TestBodyEv
FNA:3,2,_ZN38SinglyLinkedListTest_LoadFromFile_TestC2Ev
FNA:3,2,_ZN38SinglyLinkedListTest_LoadFromFile_TestD0Ev
FNA:3,2,_ZN38SinglyLinkedListTest_LoadFromFile_TestD2Ev
FNL:4,29,46
FNA:4,2,_ZN35SinglyLinkedListTest_AddToTail_Test8TestBodyEv
FNA:4,2,_ZN35SinglyLinkedListTest_AddToTail_TestC2Ev
FNA:4,2,_ZN35SinglyLinkedListTest_AddToTail_TestD0Ev
FNA:4,2,_ZN35SinglyLinkedListTest_AddToTail_TestD2Ev
FNL:5,49,67
FNA:5,2,_ZN36SinglyLinkedListTest_RemoveHead_Test8TestBodyEv
FNA:5,2,_ZN36SinglyLinkedListTest_RemoveHead_TestC2Ev
FNA:5,2,_ZN36SinglyLinkedListTest_RemoveHead_TestD0Ev
FNA:5,2,_ZN36SinglyLinkedListTest_RemoveHead_TestD2Ev
FNL:6,70,88
FNA:6,2,_ZN36SinglyLinkedListTest_RemoveTail_Test8TestBodyEv
FNA:6,2,_ZN36SinglyLinkedListTest_RemoveTail_TestC2Ev
FNA:6,2,_ZN36SinglyLinkedListTest_RemoveTail_TestD0Ev
FNA:6,2,_ZN36SinglyLinkedListTest_RemoveTail_TestD2Ev
FNL:7,9,26
FNA:7,2,_ZN35SinglyLinkedListTest_AddToHead_Test8TestBodyEv
FNA:7,2,_ZN35SinglyLinkedListTest_AddToHead_TestC2Ev
FNA:7,2,_ZN35SinglyLinkedListTest_AddToHead_TestD0Ev
FNA:7,2,_ZN35SinglyLinkedListTest_AddToHead_TestD2Ev
FNL:8,91,109
FNA:8,2,_ZN39SinglyLinkedListTest_RemoveByValue_Test8TestBodyEv
FNA:8,2,_ZN39SinglyLinkedListTest_RemoveByValue_TestC2Ev
FNA:8,2,_ZN39SinglyLinkedListTest_RemoveByValue_TestD0Ev
FNA:8,2,_ZN39SinglyLinkedListTest_RemoveByValue_TestD2Ev
FNF:9
FNH:9
DA:9,8
DA:10,2
DA:11,4
DA:12,4
DA:13,2
DA:15,2
DA:16,2
DA:18,2
DA:20,2
DA:21,2
DA:22,2
DA:23,2
DA:25,2
DA:26,2
DA:29,8
DA:30,2
DA:31,4
DA:32,4
DA:33,2
DA:35,2
DA:36,2
DA:38,2
DA:40,2
DA:41,2
DA:42,2
DA:43,2
DA:45,2
DA:46,2
DA:49,8
DA:50,2
DA:51,4
DA:52,4
DA:53,2
DA:55,2
DA:57,2
DA:58,2
DA:60,2
DA:62,2
DA:63,2
DA:64,2
DA:66,2
DA:67,2
DA:70,8
DA:71,2
DA:72,4
DA:73,4
DA:74,2
DA:76,2
DA:78,2
DA:79,2
DA:81,2
DA:83,2
DA:84,2
DA:85,2
DA:87,2
DA:88,2
DA:91,8
DA:92,2
DA:93,4
DA:94,4
DA:95,4
DA:97,2
DA:99,2
DA:100,2
DA:102,2
DA:104,2
DA:105,2
DA:106,2
DA:108,2
DA:109,2
DA:112,8
DA:113,2
DA:114,4
DA:115,4
DA:116,4
DA:118,2
DA:119,2
DA:120,2
DA:122,2
DA:123,2
DA:124,2
DA:127,8
DA:128,2
DA:129,4
DA:130,4
DA:131,2
DA:133,2
DA:134,2
DA:136,2
DA:138,2
DA:139,2
DA:140,2
DA:141,2
DA:143,2
DA:144,2
DA:147,8
DA:148,2
DA:149,4
DA:150,4
DA:151,4
DA:153,2
DA:154,2
DA:157,2
DA:158,2
DA:159,2
DA:160,2
DA:161,2
DA:163,2
DA:164,2
DA:165,2
DA:168,8
DA:169,2
DA:170,2
DA:173,2
DA:174,2
DA:175,2
DA:177,2
DA:179,2
DA:180,2
DA:182,2
DA:184,2
DA:185,2
DA:186,2
DA:187,2
DA:189,2
DA:190,2
DA:191,2
LF:127
LH:127
end_of_record
TN:
SF:/home/redmonster/Desktop/прога/2_sem/second_year/2.3laba/1task/tests/test_array.cpp
FNL:0,105,122
FNA:0,3,_ZN29ArrayTest_AddToFullArray_Test8TestBodyEv
FNA:0,3,_ZN29ArrayTest_AddToFullArray_TestC2Ev
FNA:0,3,_ZN29ArrayTest_AddToFullArray_TestD0Ev
FNA:0,3,_ZN29ArrayTest_AddToFullArray_TestD2Ev
FNL:1,125,140
FNA:1,3,_ZN41ArrayTest_AddInvalidIndexOrFullArray_Test8TestBodyEv
FNA:1,3,_ZN41ArrayTest_AddInvalidIndexOrFullArray_TestC2Ev
FNA:1,3,_ZN41ArrayTest_AddInvalidIndexOrFullArray_TestD0Ev
FNA:1,3,_ZN41ArrayTest_AddInvalidIndexOrFullArray_TestD2Ev
FNL:2,14,18
FNA:2,3,_ZN39ArrayTest_ConstructorAndDestructor_Test8TestBodyEv
FNA:2,3,_ZN39ArrayTest_ConstructorAndDestructor_TestC2Ev
FNA:2,3,_ZN39ArrayTest_ConstructorAndDestructor_TestD0Ev
FNA:2,3,_ZN39ArrayTest_ConstructorAndDestructor_TestD2Ev
FNL:3,143,159
FNA:3,3,_ZN33ArrayTest_RemoveInvalidIndex_Test8TestBodyEv
FNA:3,3,_ZN33ArrayTest_RemoveInvalidIndex_TestC2Ev
FNA:3,3,_ZN33ArrayTest_RemoveInvalidIndex_TestD0Ev
FNA:3,3,_ZN33ArrayTest_RemoveInvalidIndex_TestD2Ev
FNL:4,162,172
FNA:4,3,_ZN37ArrayTest_RemoveAndShiftElements_Test8TestBodyEv
FNA:4,3,_ZN37ArrayTest_RemoveAndShiftElements_TestC2Ev
FNA:4,3,_ZN37ArrayTest_RemoveAndShiftElements_TestD0Ev
FNA:4,3,_ZN37ArrayTest_RemoveAndShiftElements_TestD2Ev
FNL:5,175,189
FNA:5,3,_ZN20ArrayTest_Print_Test8TestBodyEv
FNA:5,3,_ZN20ArrayTest_Print_TestC2Ev
FNA:5,3,_ZN20ArrayTest_Print_TestD0Ev
FNA:5,3,_ZN20ArrayTest_Print_TestD2Ev
FNL:6,192,207
FNA:6,3,_ZN30ArrayTest_SaveToFileError_Test8TestBodyEv
FNA:6,3,_ZN30ArrayTest_SaveToFileError_TestC2Ev
FNA:6,3,_ZN30ArrayTest_SaveToFileError_TestD0Ev
FNA:6,3,_ZN30ArrayTest_SaveToFileError_TestD2Ev
FNL:7,21,25
FNA:7,3,_ZN25ArrayTest_AddByIndex_Test8TestBodyEv
FNA:7,3,_ZN25ArrayTest_AddByIndex_TestC2Ev
FNA:7,3,_ZN25ArrayTest_AddByIndex_TestD0Ev
FNA:7,3,_ZN25ArrayTest_AddByIndex_TestD2Ev
FNL:8,210,224
FNA:8,3,_ZN32ArrayTest_LoadFromFileError_Test8TestBodyEv
FNA:8,3,_ZN32ArrayTest_LoadFromFileError_TestC2Ev
FNA:8,3,_ZN32ArrayTest_LoadFromFileError_TestD0Ev
FNA:8,3,_ZN32ArrayTest_LoadFromFileError_TestD2Ev
FNL:9,28,33
FNA:9,3,_ZN40ArrayTest_AddToEnd_MultipleElements_Test8TestBodyEv
FNA:9,3,_ZN40ArrayTest_AddToEnd_MultipleElements_TestC2Ev
FNA:9,3,_ZN40ArrayTest_AddToEnd_MultipleElements_TestD0Ev
FNA:9,3,_ZN40ArrayTest_AddToEnd_MultipleElements_TestD2Ev
FNL:10,36,40
FNA:10,3,_ZN25ArrayTest_GetElement_Test8TestBodyEv
FNA:10,3,_ZN25ArrayTest_GetElement_TestC2Ev
FNA:10,3,_ZN25ArrayTest_GetElement_TestD0Ev
FNA:10,3,_ZN25ArrayTest_GetElement_TestD2Ev
FNL:11,43,48
FNA:11,3,_ZN28ArrayTest_RemoveElement_Test8TestBodyEv
FNA:11,3,_ZN28ArrayTest_RemoveElement_TestC2Ev
FNA:11,3,_ZN28ArrayTest_RemoveElement_TestD0Ev
FNA:11,3,_ZN28ArrayTest_RemoveElement_TestD2Ev
FNL:12,51,56
FNA:12,3,_ZN29ArrayTest_ReplaceElement_Test8TestBodyEv
FNA:12,3,_ZN29ArrayTest_ReplaceElement_TestC2Ev
FNA:12,3,_ZN29ArrayTest_ReplaceElement_TestD0Ev
FNA:12,3,_ZN29ArrayTest_ReplaceElement_TestD2Ev
FNL:13,59,64
FNA:13,3,_ZN26ArrayTest_LengthCheck_Test8TestBodyEv
FNA:13,3,_ZN26ArrayTest_LengthCheck_TestC2Ev
FNA:13,3,_ZN26ArrayTest_LengthCheck_TestD0Ev
FNA:13,3,_ZN26ArrayTest_LengthCheck_TestD2Ev
FNL:14,67,83
FNA:14,3,_ZN34ArrayTest_SaveAndLoadFromFile_Test8TestBodyEv
FNA:14,3,_ZN34ArrayTest_SaveAndLoadFromFile_TestC2Ev
FNA:14,3,_ZN34ArrayTest_SaveAndLoadFromFile_TestD0Ev
FNA:14,3,_ZN34ArrayTest_SaveAndLoadFromFile_TestD2Ev
FNL:15,7,11
FNA:15,3,_ZN37ArrayTest_AddToEnd_SingleElement_Test8TestBodyEv
FNA:15,3,_ZN37ArrayTest_AddToEnd_SingleElement_TestC2Ev
FNA:15,3,_ZN37ArrayTest_AddToEnd_SingleElement_TestD0Ev
FNA:15,3,_ZN37ArrayTest_AddToEnd_SingleElement_TestD2Ev
FNL:16,86,102
FNA:16,3,_ZN27ArrayTest_InvalidIndex_Test8TestBodyEv
FNA:16,3,_ZN27ArrayTest_InvalidIndex_TestC2Ev
FNA:16,3,_ZN27ArrayTest_InvalidIndex_TestD0Ev
FNA:16,3,_ZN27ArrayTest_InvalidIndex_TestD2Ev
FNF:17
FNH:17
DA:7,12
DA:8,3
DA:9,3
DA:10,3
DA:11,3
DA:14,12
DA:15,3
DA:16,3
DA:17,3
DA:18,3
DA:21,12
DA:22,3
DA:23,3
DA:24,3
DA:25,3
DA:28,12
DA:29,3
DA:30,3
DA:31,3
DA:32,3
DA:33,3
DA:36,12
DA:37,3
DA:38,3
DA:39,3
DA:40,3
DA:43,12
DA:44,3
DA:45,3
DA:46,3
DA:47,3
DA:48,3
DA:51,12
DA:52,3
DA:53,6
DA:54,3
DA:55,3
DA:56,3
DA:59,12
DA:60,3
DA:61,6
DA:62,3
DA:63,3
DA:64,3
DA:67,12
DA:68,3
DA:69,6
DA:70,6
DA:72,3
DA:73,3
DA:76,3
DA:77,3
DA:78,3
DA:79,3
DA:82,3
DA:83,3
DA:86,12
DA:87,3
DA:88,3
DA:90,3
DA:91,3
DA:94,3
DA:97,3
DA:98,3
DA:99,3
DA:101,3
DA:102,3
DA:105,12
DA:106,3
DA:107,6
DA:108,3
DA:110,3
DA:111,3
DA:114,3
DA:117,3
DA:118,3
DA:119,3
DA:121,3
DA:122,3
DA:125,12
DA:126,3
DA:127,6
DA:128,3
DA:130,3
DA:131,3
DA:134,3
DA:135,3
DA:136,3
DA:137,3
DA:139,3
DA:140,3
DA:143,12
DA:144,3
DA:145,3
DA:147,3
DA:148,3
DA:151,3
DA:154,3
DA:155,3
DA:156,3
DA:158,3
DA:159,3
DA:162,12
DA:163,3
DA:164,6
DA:165,6
DA:166,3
DA:169,3
DA:171,3
DA:172,3
DA:175,12
DA:176,3
DA:177,6
DA:178,3
DA:180,3
DA:181,3
DA:183,3
DA:184,3
DA:185,3
DA:186,3
DA:188,3
DA:189,3
DA:192,12
DA:193,3
DA:194,3
DA:196,3
DA:197,3
DA:200,3
DA:202,3
DA:203,3
DA:204,3
DA:206,3
DA:207,3
DA:210,12
DA:211,3
DA:213,3
DA:214,3
DA:217,3
DA:219,3
DA:220,3
DA:221,3
DA:223,3
DA:224,3
LF:143
LH:143
end_of_record
TN:
SF:/home/redmonster/Desktop/прога/2_sem/second_year/2.3laba/1task/tests/test_ht.cpp
FNL:0,119,135
FNA:0,2,_ZN29HashTableTest_SaveToFile_Test8TestBodyEv
FNA:0,2,_ZN29HashTableTest_SaveToFile_TestC2Ev
FNA:0,2,_ZN29HashTableTest_SaveToFile_TestD0Ev
FNA:0,2,_ZN29HashTableTest_SaveToFile_TestD2Ev
FNL:1,138,162
FNA:1,2,_ZN31HashTableTest_LoadFromFile_Test8TestBodyEv
FNA:1,2,_ZN31HashTableTest_LoadFromFile_TestC2Ev
FNA:1,2,_ZN31HashTableTest_LoadFromFile_TestD0Ev
FNA:1,2,_ZN31HashTableTest_LoadFromFile_TestD2Ev
FNL:2,165,182
FNA:2,2,_ZN40HashTableTest_HashFunctionCollision_Test8TestBodyEv
FNA:2,2,_ZN40HashTableTest_HashFunctionCollision_TestC2Ev
FNA:2,2,_ZN40HashTableTest_HashFunctionCollision_TestD0Ev
FNA:2,2,_ZN40HashTableTest_HashFunctionCollision_TestD2Ev
FNL:3,28,52
FNA:3,2,_ZN35HashTableTest_HSet_UpdateValue_Test8TestBodyEv
FNA:3,2,_ZN35HashTableTest_HSet_UpdateValue_TestC2Ev
FNA:3,2,_ZN35HashTableTest_HSet_UpdateValue_TestD0Ev
FNA:3,2,_ZN35HashTableTest_HSet_UpdateValue_TestD2Ev
FNL:4,55,72
FNA:4,2,_ZN23HashTableTest_HGet_Test8TestBodyEv
FNA:4,2,_ZN23HashTableTest_HGet_TestC2Ev
FNA:4,2,_ZN23HashTableTest_HGet_TestD0Ev
FNA:4,2,_ZN23HashTableTest_HGet_TestD2Ev
FNL:5,75,94
FNA:5,2,_ZN23HashTableTest_HDel_Test8TestBodyEv
FNA:5,2,_ZN23HashTableTest_HDel_TestC2Ev
FNA:5,2,_ZN23HashTableTest_HDel_TestD0Ev
FNA:5,2,_ZN23HashTableTest_HDel_TestD2Ev
FNL:6,8,27
FNA:6,2,_ZN23HashTableTest_HSet_Test8TestBodyEv
FNA:6,2,_ZN23HashTableTest_HSet_TestC2Ev
FNA:6,2,_ZN23HashTableTest_HSet_TestD0Ev
FNA:6,2,_ZN23HashTableTest_HSet_TestD2Ev
FNL:7,97,116
FNA:7,2,_ZN24HashTableTest_Clear_Test8TestBodyEv
FNA:7,2,_ZN24HashTableTest_Clear_TestC2Ev
FNA:7,2,_ZN24HashTableTest_Clear_TestD0Ev
FNA:7,2,_ZN24HashTableTest_Clear_TestD2Ev
FNF:8
FNH:8
DA:8,8
DA:9,2
DA:11,8
DA:12,8
DA:13,6
DA:16,2
DA:17,2
DA:19,2
DA:21,2
DA:22,2
DA:23,2
DA:24,2
DA:26,2
DA:27,2
DA:28,8
DA:29,2
DA:32,6
DA:35,2
DA:36,2
DA:39,4
DA:42,8
DA:45,2
DA:47,2
DA:48,2
DA:49,2
DA:51,2
DA:52,2
DA:55,8
DA:56,2
DA:57,8
DA:58,6
DA:61,2
DA:62,2
DA:64,4
DA:65,2
DA:67,2
DA:68,2
DA:69,2
DA:71,2
DA:72,2
DA:75,8
DA:76,2
DA:77,8
DA:78,8
DA:81,2
DA:83,2
DA:84,2
DA:86,4
DA:87,2
DA:89,2
DA:90,2
DA:91,2
DA:93,2
DA:94,2
DA:97,8
DA:98,2
DA:99,8
DA:100,6
DA:103,2
DA:105,2
DA:106,2
DA:108,4
DA:109,2
DA:111,2
DA:112,2
DA:113,2
DA:115,2
DA:116,2
DA:119,8
DA:120,2
DA:121,8
DA:122,8
DA:124,2
DA:125,2
DA:128,2
DA:129,2
DA:130,2
DA:131,2
DA:133,2
DA:134,2
DA:135,2
DA:138,8
DA:139,2
DA:140,2
DA:143,2
DA:144,2
DA:145,2
DA:146,2
DA:148,2
DA:150,2
DA:151,2
DA:153,4
DA:154,2
DA:156,2
DA:157,2
DA:158,2
DA:160,2
DA:161,2
DA:162,2
DA:165,8
DA:166,2
DA:169,8
DA:170,6
DA:172,2
DA:173,2
DA:175,2
DA:177,2
DA:178,2
DA:179,2
DA:181,2
DA:182,2
LF:111
LH:111
end_of_record
TN:
SF:/home/redmonster/Desktop/прога/2_sem/second_year/2.3laba/1task/tests/test_queue.cpp
FNL:0,111,128
FNA:0,2,_ZN20QueueTest_Print_Test8TestBodyEv
FNA:0,2,_ZN20QueueTest_Print_TestC2Ev
FNA:0,2,_ZN20QueueTest_Print_TestD0Ev
FNA:0,2,_ZN20QueueTest_Print_TestD2Ev
FNL:1,27,45
FNA:1,2,_ZN18QueueTest_Pop_Test8TestBodyEv
FNA:1,2,_ZN18QueueTest_Pop_TestC2Ev
FNA:1,2,_ZN18QueueTest_Pop_TestD0Ev
FNA:1,2,_ZN18QueueTest_Pop_TestD2Ev
FNL:2,48,61
FNA:2,2,_ZN28QueueTest_PopEmptyQueue_Test8TestBodyEv
FNA:2,2,_ZN28QueueTest_PopEmptyQueue_TestC2Ev
FNA:2,2,_ZN28QueueTest_PopEmptyQueue_TestD0Ev
FNA:2,2,_ZN28QueueTest_PopEmptyQueue_TestD2Ev
FNL:3,64,82
FNA:3,2,_ZN25QueueTest_SaveToFile_Test8TestBodyEv
FNA:3,2,_ZN25QueueTest_SaveToFile_TestC2Ev
FNA:3,2,_ZN25QueueTest_SaveToFile_TestD0Ev
FNA:3,2,_ZN25QueueTest_SaveToFile_TestD2Ev
FNL:4,7,24
FNA:4,2,_ZN19QueueTest_Push_Test8TestBodyEv
FNA:4,2,_ZN19QueueTest_Push_TestC2Ev
FNA:4,2,_ZN19QueueTest_Push_TestD0Ev
FNA:4,2,_ZN19QueueTest_Push_TestD2Ev
FNL:5,85,108
FNA:5,2,_ZN27QueueTest_LoadFromFile_Test8TestBodyEv
FNA:5,2,_ZN27QueueTest_LoadFromFile_TestC2Ev
FNA:5,2,_ZN27QueueTest_LoadFromFile_TestD0Ev
FNA:5,2,_ZN27QueueTest_LoadFromFile_TestD2Ev
FNF:6
FNH:6
DA:7,8
DA:8,2
DA:9,4
DA:10,4
DA:11,2
DA:13,2
DA:14,2
DA:16,2
DA:18,2
DA:19,2
DA:20,2
DA:21,2
DA:23,2
DA:24,2
DA:27,8
DA:28,2
DA:29,4
DA:30,4
DA:31,2
DA:33,2
DA:35,2
DA:36,2
DA:38,2
DA:40,2
DA:41,2
DA:42,2
DA:44,2
DA:45,2
DA:48,8
DA:49,2
DA:52,2
DA:53,2
DA:55,2
DA:57,2
DA:58,2
DA:60,2
DA:61,2
DA:64,8
DA:65,2
DA:66,4
DA:67,4
DA:68,4
DA:70,2
DA:71,2
DA:74,2
DA:75,2
DA:76,2
DA:77,2
DA:78,2
DA:80,2
DA:81,2
DA:82,2
DA:85,8
DA:86,2
DA:87,2
DA:90,2
DA:91,2
DA:92,2
DA:94,2
DA:96,2
DA:97,2
DA:99,2
DA:101,2
DA:102,2
DA:103,2
DA:104,2
DA:106,2
DA:107,2
DA:108,2
DA:111,8
DA:112,2
DA:113,4
DA:114,4
DA:115,2
DA:117,2
DA:118,2
DA:120,2
DA:122,2
DA:123,2
DA:124,2
DA:125,2
DA:127,2
DA:128,2
LF:83
LH:83
end_of_record
